<?xml version="1.0" encoding="UTF-8"?>
<testng-results ignored="0" total="1" passed="1" failed="0" skipped="0">
  <reporter-output>
  </reporter-output>
  <suite started-at="2022-08-27T01:27:31 ADT" name="Default suite" finished-at="2022-08-27T01:27:48 ADT" duration-ms="17001">
    <groups>
    </groups>
    <test started-at="2022-08-27T01:27:31 ADT" name="Default test" finished-at="2022-08-27T01:27:48 ADT" duration-ms="17001">
      <class name="gettingstarted.installbrowserdriver.InstallBrowserDriversTest">
        <test-method signature="fireFoxBrowserDriverInstallTest()[pri:0, instance:gettingstarted.installbrowserdriver.InstallBrowserDriversTest@53fe15ff]" started-at="2022-08-27T01:27:31 ADT" name="fireFoxBrowserDriverInstallTest" finished-at="2022-08-27T01:27:48 ADT" duration-ms="16887" status="PASS">
          <reporter-output>
          </reporter-output>
        </test-method> <!-- fireFoxBrowserDriverInstallTest -->
      </class> <!-- gettingstarted.installbrowserdriver.InstallBrowserDriversTest -->
    </test> <!-- Default test -->
  </suite> <!-- Default suite -->
</testng-results>
